<?xml version="1.0" encoding="UTF-8"?>
<!-- Generated by org.testng.reporters.JUnitReportReporter -->
<testsuite hostname="MineAsus" failures="0" tests="2" name="RCBTeamValidation" time="0.122" errors="0" timestamp="2023-02-15T20:48:22 IST" skipped="0">
  <testcase classname="RCBTeamValidation" name="validateForeignPlayersCount" time="0.118"/>
  <system-out/>
  <testcase classname="RCBTeamValidation" name="validateWicketKeepersCount" time="0.004"/>
  <system-out/>
</testsuite> <!-- RCBTeamValidation -->
